<?xml version="1.0" encoding="utf-8"?><testsuites name="pytest tests"><testsuite name="pytest" errors="0" failures="0" skipped="0" tests="22" time="14.039" timestamp="2026-02-26T15:18:47.171944+00:00" hostname="agent-env-4519b7f2-4cfa-4fef-a627-d03f5b0898f7"><testcase classname="backend.tests.test_events_api.TestEventsAPI" name="test_get_events_returns_list" time="0.604" /><testcase classname="backend.tests.test_events_api.TestEventsAPI" name="test_get_events_filter_by_liturgie" time="0.614" /><testcase classname="backend.tests.test_events_api.TestEventsAPI" name="test_get_events_filter_by_communaute" time="0.549" /><testcase classname="backend.tests.test_events_api.TestEventsAPI" name="test_get_events_filter_by_jeunesse" time="0.699" /><testcase classname="backend.tests.test_events_api.TestEventsAPI" name="test_get_events_filter_by_solidarite" time="0.615" /><testcase classname="backend.tests.test_events_api.TestEventsAPI" name="test_get_events_filter_by_formation" time="0.547" /><testcase classname="backend.tests.test_events_api.TestEventsAPI" name="test_get_events_include_past" time="0.605" /><testcase classname="backend.tests.test_events_api.TestEventsAPI" name="test_auth_login_success" time="0.723" /><testcase classname="backend.tests.test_events_api.TestEventsAPI" name="test_auth_login_invalid_credentials" time="0.605" /><testcase classname="backend.tests.test_events_api.TestEventsAPI" name="test_create_event_requires_auth" time="0.501" /><testcase classname="backend.tests.test_events_api.TestEventsAPI" name="test_create_event_success" time="1.129" /><testcase classname="backend.tests.test_events_api.TestEventsAPI" name="test_update_event_requires_auth" time="0.671" /><testcase classname="backend.tests.test_events_api.TestEventsAPI" name="test_update_event_success" time="1.377" /><testcase classname="backend.tests.test_events_api.TestEventsAPI" name="test_update_nonexistent_event" time="0.894" /><testcase classname="backend.tests.test_events_api.TestEventsAPI" name="test_delete_event_requires_auth" time="0.694" /><testcase classname="backend.tests.test_events_api.TestEventsAPI" name="test_delete_event_success" time="1.230" /><testcase classname="backend.tests.test_events_api.TestEventsAPI" name="test_delete_nonexistent_event" time="0.916" /><testcase classname="backend.tests.test_events_api.TestExistingEventsData" name="test_messe_chandeleur_exists" time="0.157" /><testcase classname="backend.tests.test_events_api.TestExistingEventsData" name="test_repas_careme_exists" time="0.127" /><testcase classname="backend.tests.test_events_api.TestExistingEventsData" name="test_groupe_jeunes_exists" time="0.114" /><testcase classname="backend.tests.test_events_api.TestExistingEventsData" name="test_collecte_alimentaire_exists" time="0.147" /><testcase classname="backend.tests.test_events_api.TestExistingEventsData" name="test_parcours_alpha_exists" time="0.287" /></testsuite></testsuites>